# JRE version: Java(TM) SE Runtime Environment (8.0_11-b12) (build 1.8.0_11-b12)
# Java VM: Java HotSpot(TM) 64-Bit Server VM (25.11-b03 mixed mode windows-amd64 compressed oops)
Heap:
 PSYoungGen      total 7680K, used 3562K [0x00000000eb400000, 0x00000000ebe80000, 0x0000000100000000)
  eden space 6144K, 38% used [0x00000000eb400000,0x00000000eb650950,0x00000000eba00000)
  from space 1536K, 77% used [0x00000000ebc00000,0x00000000ebd29f08,0x00000000ebd80000)
  to   space 2048K, 0% used [0x00000000eba00000,0x00000000eba00000,0x00000000ebc00000)
 ParOldGen       total 64000K, used 2550K [0x00000000c1c00000, 0x00000000c5a80000, 0x00000000eb400000)
  object space 64000K, 3% used [0x00000000c1c00000,0x00000000c1e7d8e0,0x00000000c5a80000)
 Metaspace       used 9861K, capacity 10052K, committed 10240K, reserved 1058816K
  class space    used 1190K, capacity 1242K, committed 1280K, reserved 1048576K
GC Heap History (10 events):
Event: 0.448 GC heap before
{Heap before GC invocations=6 (full 0):
 PSYoungGen      total 1536K, used 1535K [0x00000000eb400000, 0x00000000eb900000, 0x0000000100000000)
  eden space 1024K, 99% used [0x00000000eb400000,0x00000000eb4fff28,0x00000000eb500000)
  from space 512K, 100% used [0x00000000eb500000,0x00000000eb580000,0x00000000eb580000)
  to   space 1536K, 0% used [0x00000000eb780000,0x00000000eb780000,0x00000000eb900000)
 ParOldGen       total 64000K, used 1240K [0x00000000c1c00000, 0x00000000c5a80000, 0x00000000eb400000)
  object space 64000K, 1% used [0x00000000c1c00000,0x00000000c1d36080,0x00000000c5a80000)
 Metaspace       used 9133K, capacity 9278K, committed 9472K, reserved 1056768K
  class space    used 1115K, capacity 1177K, committed 1280K, reserved 1048576K
Event: 0.450 GC heap after
Heap after GC invocations=6 (full 0):
 PSYoungGen      total 3584K, used 1180K [0x00000000eb400000, 0x00000000eb900000, 0x0000000100000000)
  eden space 2048K, 0% used [0x00000000eb400000,0x00000000eb400000,0x00000000eb600000)
  from space 1536K, 76% used [0x00000000eb780000,0x00000000eb8a7378,0x00000000eb900000)
  to   space 1536K, 0% used [0x00000000eb600000,0x00000000eb600000,0x00000000eb780000)
 ParOldGen       total 64000K, used 1248K [0x00000000c1c00000, 0x00000000c5a80000, 0x00000000eb400000)
  object space 64000K, 1% used [0x00000000c1c00000,0x00000000c1d38080,0x00000000c5a80000)
 Metaspace       used 9133K, capacity 9278K, committed 9472K, reserved 1056768K
  class space    used 1115K, capacity 1177K, committed 1280K, reserved 1048576K
}
Event: 0.548 GC heap before
{Heap before GC invocations=7 (full 0):
 PSYoungGen      total 3584K, used 3228K [0x00000000eb400000, 0x00000000eb900000, 0x0000000100000000)
  eden space 2048K, 100% used [0x00000000eb400000,0x00000000eb600000,0x00000000eb600000)
  from space 1536K, 76% used [0x00000000eb780000,0x00000000eb8a7378,0x00000000eb900000)
  to   space 1536K, 0% used [0x00000000eb600000,0x00000000eb600000,0x00000000eb780000)
 ParOldGen       total 64000K, used 1248K [0x00000000c1c00000, 0x00000000c5a80000, 0x00000000eb400000)
  object space 64000K, 1% used [0x00000000c1c00000,0x00000000c1d38080,0x00000000c5a80000)
 Metaspace       used 9286K, capacity 9406K, committed 9728K, reserved 1058816K
  class space    used 1134K, capacity 1177K, committed 1280K, reserved 1048576K
Event: 0.550 GC heap after
Heap after GC invocations=7 (full 0):
 PSYoungGen      total 3584K, used 1117K [0x00000000eb400000, 0x00000000ebb00000, 0x0000000100000000)
  eden space 2048K, 0% used [0x00000000eb400000,0x00000000eb400000,0x00000000eb600000)
  from space 1536K, 72% used [0x00000000eb600000,0x00000000eb717508,0x00000000eb780000)
  to   space 1536K, 0% used [0x00000000eb980000,0x00000000eb980000,0x00000000ebb00000)
 ParOldGen       total 64000K, used 1444K [0x00000000c1c00000, 0x00000000c5a80000, 0x00000000eb400000)
  object space 64000K, 2% used [0x00000000c1c00000,0x00000000c1d690b0,0x00000000c5a80000)
 Metaspace       used 9286K, capacity 9406K, committed 9728K, reserved 1058816K
  class space    used 1134K, capacity 1177K, committed 1280K, reserved 1048576K
}
Event: 0.624 GC heap before
{Heap before GC invocations=8 (full 0):
 PSYoungGen      total 3584K, used 3165K [0x00000000eb400000, 0x00000000ebb00000, 0x0000000100000000)
  eden space 2048K, 100% used [0x00000000eb400000,0x00000000eb600000,0x00000000eb600000)
  from space 1536K, 72% used [0x00000000eb600000,0x00000000eb717508,0x00000000eb780000)
  to   space 1536K, 0% used [0x00000000eb980000,0x00000000eb980000,0x00000000ebb00000)
 ParOldGen       total 64000K, used 1444K [0x00000000c1c00000, 0x00000000c5a80000, 0x00000000eb400000)
  object space 64000K, 2% used [0x00000000c1c00000,0x00000000c1d690b0,0x00000000c5a80000)
 Metaspace       used 9345K, capacity 9470K, committed 9728K, reserved 1058816K
  class space    used 1135K, capacity 1177K, committed 1280K, reserved 1048576K
Event: 0.626 GC heap after
Heap after GC invocations=8 (full 0):
 PSYoungGen      total 5632K, used 1085K [0x00000000eb400000, 0x00000000ebb00000, 0x0000000100000000)
  eden space 4096K, 0% used [0x00000000eb400000,0x00000000eb400000,0x00000000eb800000)
  from space 1536K, 70% used [0x00000000eb980000,0x00000000eba8f508,0x00000000ebb00000)
  to   space 1536K, 0% used [0x00000000eb800000,0x00000000eb800000,0x00000000eb980000)
 ParOldGen       total 64000K, used 1584K [0x00000000c1c00000, 0x00000000c5a80000, 0x00000000eb400000)
  object space 64000K, 2% used [0x00000000c1c00000,0x00000000c1d8c3d8,0x00000000c5a80000)
 Metaspace       used 9345K, capacity 9470K, committed 9728K, reserved 1058816K
  class space    used 1135K, capacity 1177K, committed 1280K, reserved 1048576K
}
Event: 0.703 GC heap before
{Heap before GC invocations=9 (full 0):
 PSYoungGen      total 5632K, used 5181K [0x00000000eb400000, 0x00000000ebb00000, 0x0000000100000000)
  eden space 4096K, 100% used [0x00000000eb400000,0x00000000eb800000,0x00000000eb800000)
  from space 1536K, 70% used [0x00000000eb980000,0x00000000eba8f508,0x00000000ebb00000)
  to   space 1536K, 0% used [0x00000000eb800000,0x00000000eb800000,0x00000000eb980000)
 ParOldGen       total 64000K, used 1584K [0x00000000c1c00000, 0x00000000c5a80000, 0x00000000eb400000)
  object space 64000K, 2% used [0x00000000c1c00000,0x00000000c1d8c3d8,0x00000000c5a80000)
 Metaspace       used 9399K, capacity 9534K, committed 9728K, reserved 1058816K
  class space    used 1138K, capacity 1177K, committed 1280K, reserved 1048576K
Event: 0.705 GC heap after
Heap after GC invocations=9 (full 0):
 PSYoungGen      total 5632K, used 1056K [0x00000000eb400000, 0x00000000ebd80000, 0x0000000100000000)
  eden space 4096K, 0% used [0x00000000eb400000,0x00000000eb400000,0x00000000eb800000)
  from space 1536K, 68% used [0x00000000eb800000,0x00000000eb908000,0x00000000eb980000)
  to   space 1536K, 0% used [0x00000000ebc00000,0x00000000ebc00000,0x00000000ebd80000)
 ParOldGen       total 64000K, used 2182K [0x00000000c1c00000, 0x00000000c5a80000, 0x00000000eb400000)
  object space 64000K, 3% used [0x00000000c1c00000,0x00000000c1e218e0,0x00000000c5a80000)
 Metaspace       used 9399K, capacity 9534K, committed 9728K, reserved 1058816K
  class space    used 1138K, capacity 1177K, committed 1280K, reserved 1048576K
}
Event: 1.401 GC heap before
{Heap before GC invocations=10 (full 0):
 PSYoungGen      total 5632K, used 5148K [0x00000000eb400000, 0x00000000ebd80000, 0x0000000100000000)
  eden space 4096K, 99% used [0x00000000eb400000,0x00000000eb7ff020,0x00000000eb800000)
  from space 1536K, 68% used [0x00000000eb800000,0x00000000eb908000,0x00000000eb980000)
  to   space 1536K, 0% used [0x00000000ebc00000,0x00000000ebc00000,0x00000000ebd80000)
 ParOldGen       total 64000K, used 2182K [0x00000000c1c00000, 0x00000000c5a80000, 0x00000000eb400000)
  object space 64000K, 3% used [0x00000000c1c00000,0x00000000c1e218e0,0x00000000c5a80000)
 Metaspace       used 9520K, capacity 9630K, committed 9728K, reserved 1058816K
  class space    used 1151K, capacity 1209K, committed 1280K, reserved 1048576K
Event: 1.405 GC heap after
Heap after GC invocations=10 (full 0):
 PSYoungGen      total 7680K, used 1191K [0x00000000eb400000, 0x00000000ebe80000, 0x0000000100000000)
  eden space 6144K, 0% used [0x00000000eb400000,0x00000000eb400000,0x00000000eba00000)
  from space 1536K, 77% used [0x00000000ebc00000,0x00000000ebd29f08,0x00000000ebd80000)
  to   space 2048K, 0% used [0x00000000eba00000,0x00000000eba00000,0x00000000ebc00000)
 ParOldGen       total 64000K, used 2550K [0x00000000c1c00000, 0x00000000c5a80000, 0x00000000eb400000)
  object space 64000K, 3% used [0x00000000c1c00000,0x00000000c1e7d8e0,0x00000000c5a80000)
 Metaspace       used 9520K, capacity 9630K, committed 9728K, reserved 1058816K
  class space    used 1151K, capacity 1209K, committed 1280K, reserved 1048576K
}

